2021-10-13 18:02:23.134 - INFO - 28314 - azureml.train.automl.run._log_activity:54 - ActivityStarted: GetBestChild
2021-10-13 18:02:23.145 - INFO - 28314 - azureml.train.automl.run._log_activity:54 - ActivityStarted: GetChildren
2021-10-13 18:02:23.302 - INFO - 28314 - azureml.train.automl.run._log_activity:92 - ActivityCompleted: Activity=GetChildren, HowEnded=Success, Duration=157.22[ms]
2021-10-13 18:02:23.303 - INFO - 28314 - azureml.train.automl.run._log_activity:92 - ActivityCompleted: Activity=GetBestChild, HowEnded=Success, Duration=168.89[ms]
2021-10-13 18:02:23.303 - INFO - 28314 - azureml.train.automl.runtime._automl_model_explain.automl_auto_mode_model_explain._automl_perform_best_run_explain_model:79 - Computing model explanations for best run AutoML_da31af36-f0af-4319-aa5b-99a66fdc7172_23 on local
2021-10-13 18:02:23.305 - INFO - 28314 - azureml.automl.runtime.shared.file_cache_store.load:229 - Loading from file cache
2021-10-13 18:02:23.306 - INFO - 28314 - azureml.automl.runtime.shared.cache_store._log_activity:54 - ActivityStarted: load
2021-10-13 18:02:23.306 - INFO - 28314 - azureml.automl.runtime.shared.file_cache_store._try_loading_saved_as_object:263 - Loading the saved_as object from cache.
2021-10-13 18:02:23.377 - INFO - 28314 - azureml.automl.runtime.shared.file_cache_store._try_loading_saved_as_object:266 - The saved_as object is: {'featurized_cv_split_0': <_SavedAsProtocol.PICKLE: 1>, 'featurized_cv_split_1': <_SavedAsProtocol.PICKLE: 1>, 'featurized_cv_split_2': <_SavedAsProtocol.PICKLE: 1>, 'featurized_cv_split_3': <_SavedAsProtocol.PICKLE: 1>, 'featurized_cv_split_4': <_SavedAsProtocol.PICKLE: 1>, 'y': <_SavedAsProtocol.NUMPY: 2>, 'X': <_SavedAsProtocol.SCIPY: 3>, 'class_labels': <_SavedAsProtocol.PICKLE: 1>, 'X_raw': <_SavedAsProtocol.PICKLE: 1>, 'y_raw': <_SavedAsProtocol.NUMPY: 2>, 'train CV splits': <_SavedAsProtocol.PICKLE: 1>, 'featurized train CV splits': <_SavedAsProtocol.PICKLE: 1>, 'dataset_cached_keys': <_SavedAsProtocol.PICKLE: 1>}
2021-10-13 18:02:23.396 - INFO - 28314 - azureml.automl.runtime.shared.cache_store._log_activity:92 - ActivityCompleted: Activity=load, HowEnded=Success, Duration=89.75[ms]
2021-10-13 18:02:23.396 - INFO - 28314 - azureml.automl.runtime.shared.cache_store._log_activity:54 - ActivityStarted: get
2021-10-13 18:02:23.396 - INFO - 28314 - azureml.automl.runtime.shared.file_cache_store.get:153 - Getting data for key: dataset_cached_keys
2021-10-13 18:02:23.523 - INFO - 28314 - azureml.automl.runtime.shared.cache_store._log_activity:92 - ActivityCompleted: Activity=get, HowEnded=Success, Duration=126.18[ms]
2021-10-13 18:02:23.523 - INFO - 28314 - azureml.automl.runtime.shared.cache_store._log_activity:54 - ActivityStarted: get
2021-10-13 18:02:23.523 - INFO - 28314 - azureml.automl.runtime.shared.file_cache_store.get:153 - Getting data for key: class_labels
2021-10-13 18:02:23.543 - INFO - 28314 - azureml.automl.runtime.shared.file_cache_store.get:153 - Getting data for key: train CV splits
2021-10-13 18:02:23.568 - INFO - 28314 - azureml.automl.runtime.shared.file_cache_store.get:153 - Getting data for key: y
2021-10-13 18:02:23.601 - INFO - 28314 - azureml.automl.runtime.shared.file_cache_store.get:153 - Getting data for key: X_raw
2021-10-13 18:02:23.646 - INFO - 28314 - azureml.automl.runtime.shared.file_cache_store.get:153 - Getting data for key: y_raw
2021-10-13 18:02:23.678 - INFO - 28314 - azureml.automl.runtime.shared.file_cache_store.get:153 - Getting data for key: X
2021-10-13 18:02:23.753 - INFO - 28314 - azureml.automl.runtime.shared.file_cache_store.get:153 - Getting data for key: featurized train CV splits
2021-10-13 18:02:23.774 - INFO - 28314 - azureml.automl.runtime.shared.cache_store._log_activity:92 - ActivityCompleted: Activity=get, HowEnded=Success, Duration=250.97[ms]
2021-10-13 18:02:23.774 - INFO - 28314 - azureml.train.automl.runtime._automl_model_explain.automl_model_explain_driver_factory._get_model_explain_driver:67 - Constructing model explain config for regression
2021-10-13 18:02:23.775 - INFO - 28314 - azureml.train.automl.runtime._automl_model_explain.automl_auto_mode_model_explain._automl_auto_mode_explain_model:134 - The dependent model explainability packages are:- {"azureml-train-automl-runtime": "1.22.0", "azureml-interpret": "1.22.0", "interpret-community": "0.16.0", "interpret-core": "0.2.1"}
2021-10-13 18:02:23.775 - INFO - 28314 - azureml.train.automl.runtime._automl_model_explain.automl_model_explain_helper._check_model_explain_packages:169 - All dependent explainability packages are importable
2021-10-13 18:02:23.775 - INFO - 28314 - azureml.train.automl.runtime._automl_model_explain.automl_auto_mode_model_explain._automl_auto_mode_explain_model:147 - [RunId:AutoML_da31af36-f0af-4319-aa5b-99a66fdc7172_23]Start auto mode model explanations
2021-10-13 18:02:24.134 - INFO - 28314 - azureml.automl.runtime.featurization.data_transformer.__init__:174 - Feature sweeping enabled: False
2021-10-13 18:02:24.134 - INFO - 28314 - azureml.automl.runtime.featurization.data_transformer.__init__:175 - Feature sweeping timeout: 86400
2021-10-13 18:02:24.277 - INFO - 28314 - azureml.train.automl.runtime._automl_model_explain.automl_model_explain_driver._rehydrate_automl_fitted_model:117 - Successfully downloaded and loaded the model for explanations
2021-10-13 18:02:24.293 - INFO - 28314 - azureml.train.automl.runtime._automl_model_explain.automl_model_explain_helper._automl_pick_evaluation_samples_explanations:153 - Successfully downsampled the evaluation samples using stratified splits
2021-10-13 18:02:24.293 - INFO - 28314 - azureml.train.automl.runtime._automl_model_explain.automl_model_explain_driver.setup_model_explain_train_data:91 - Preparation of training data for model explanations completed.
2021-10-13 18:02:24.297 - INFO - 28314 - azureml.train.automl.runtime._automl_model_explain.automl_model_explain_helper._automl_pick_evaluation_samples_explanations:153 - Successfully downsampled the evaluation samples using stratified splits
2021-10-13 18:02:24.297 - INFO - 28314 - azureml.train.automl.runtime._automl_model_explain.automl_model_explain_driver.setup_model_explain_train_data:104 - Preparation of raw data for model explanations completed.
2021-10-13 18:02:24.299 - INFO - 28314 - azureml.train.automl.runtime.automl_explain_utilities._automl_pick_surrogate_model_and_set_params:998 - The number of core being set for explainable model is: 1
2021-10-13 18:02:24.299 - INFO - 28314 - azureml.train.automl.runtime._automl_model_explain.automl_model_explain_driver.log_explanation_data_stats:196 - Dimensionality of initialization samples:- 18577 samples 29 features
2021-10-13 18:02:24.299 - INFO - 28314 - azureml.train.automl.runtime._automl_model_explain.automl_model_explain_driver.log_explanation_data_stats:199 - Dimensionality of evaluation samples:- 5000 samples 29 features
2021-10-13 18:02:24.299 - INFO - 28314 - azureml.train.automl.runtime._automl_model_explain.automl_model_explain_driver.log_explanation_data_stats:204 - Dimensionality of feature map:- 5 raw features 29 engineered features
2021-10-13 18:02:24.299 - INFO - 28314 - azureml.train.automl.runtime._automl_model_explain.automl_model_explain_driver.log_explanation_data_stats:207 - Number of engineered feature names are:- 29
2021-10-13 18:02:24.299 - INFO - 28314 - azureml.train.automl.runtime._automl_model_explain.automl_model_explain_driver.log_explanation_data_stats:211 - Number of raw feature names are:- 5
2021-10-13 18:02:26.291 - INFO - 28314 - azureml.train.automl.runtime._automl_model_explain.automl_model_explain_helper._log_blackbox_explainer_replication_measure:225 - The replication score for teacher model VotingEnsemble with surrogate model LightGBM is:- 0.9983516724420106
2021-10-13 18:02:29.940 - INFO - 28314 - azureml.automl.core.systemusage_telemetry._log_memory_usage:62 - memory usage 1018118144
2021-10-13 18:02:29.940 - INFO - 28314 - azureml.automl.core.systemusage_telemetry._log_memory_usage:62 - child memory usage 1134133248
2021-10-13 18:02:29.940 - INFO - 28314 - azureml.automl.core.systemusage_telemetry._log_cpu_usage:71 - cpu time 105.221009
2021-10-13 18:02:29.941 - INFO - 28314 - azureml.automl.core.systemusage_telemetry._log_cpu_usage:71 - child cpu time 774.739024
2021-10-13 18:02:33.746 - INFO - 28314 - azureml.train.automl.runtime._automl_model_explain.automl_auto_mode_model_explain._automl_auto_mode_explain_model:205 - Computation of engineered feature importance completed.
2021-10-13 18:02:36.428 - INFO - 28314 - azureml.train.automl.runtime._automl_model_explain.automl_auto_mode_model_explain._automl_auto_mode_explain_model:229 - Computation of raw feature importance completed.
2021-10-13 18:02:36.429 - INFO - 28314 - azureml.train.automl.runtime._automl_model_explain.automl_auto_mode_model_explain._automl_auto_mode_explain_model:231 - [RunId:AutoML_da31af36-f0af-4319-aa5b-99a66fdc7172_23]End auto mode model explanation
2021-10-13 18:02:36.438 - INFO - 28314 - azureml.automl.runtime.shared.cache_store._log_activity:54 - ActivityStarted: get
2021-10-13 18:02:36.438 - INFO - 28314 - azureml.automl.runtime.shared.file_cache_store.get:153 - Getting data for key: dataset_cached_keys
2021-10-13 18:02:36.554 - INFO - 28314 - azureml.automl.runtime.shared.cache_store._log_activity:92 - ActivityCompleted: Activity=get, HowEnded=Success, Duration=115.6[ms]
2021-10-13 18:02:37.071 - INFO - 28314 - azureml.automl.runtime.shared.file_cache_store.load:229 - Loading from file cache
2021-10-13 18:02:37.073 - INFO - 28314 - azureml.automl.runtime.shared.cache_store._log_activity:54 - ActivityStarted: load
2021-10-13 18:02:37.073 - INFO - 28314 - azureml.automl.runtime.shared.file_cache_store._try_loading_saved_as_object:263 - Loading the saved_as object from cache.
2021-10-13 18:02:37.118 - INFO - 28314 - azureml.automl.runtime.shared.file_cache_store._try_loading_saved_as_object:266 - The saved_as object is: {'featurized_cv_split_0': <_SavedAsProtocol.PICKLE: 1>, 'featurized_cv_split_1': <_SavedAsProtocol.PICKLE: 1>, 'featurized_cv_split_2': <_SavedAsProtocol.PICKLE: 1>, 'featurized_cv_split_3': <_SavedAsProtocol.PICKLE: 1>, 'featurized_cv_split_4': <_SavedAsProtocol.PICKLE: 1>, 'y': <_SavedAsProtocol.NUMPY: 2>, 'X': <_SavedAsProtocol.SCIPY: 3>, 'class_labels': <_SavedAsProtocol.PICKLE: 1>, 'X_raw': <_SavedAsProtocol.PICKLE: 1>, 'y_raw': <_SavedAsProtocol.NUMPY: 2>, 'train CV splits': <_SavedAsProtocol.PICKLE: 1>, 'featurized train CV splits': <_SavedAsProtocol.PICKLE: 1>, 'dataset_cached_keys': <_SavedAsProtocol.PICKLE: 1>}
2021-10-13 18:02:37.148 - INFO - 28314 - azureml.automl.runtime.shared.cache_store._log_activity:92 - ActivityCompleted: Activity=load, HowEnded=Success, Duration=74.25[ms]
2021-10-13 18:02:37.148 - INFO - 28314 - azureml.automl.runtime.shared.file_cache_store.unload:243 - Unloading from file cache
2021-10-13 18:02:37.148 - INFO - 28314 - azureml.automl.runtime.shared.file_cache_store.remove_all:209 - Removing all items from cache store.
2021-10-13 18:02:37.148 - INFO - 28314 - azureml.automl.runtime.shared.cache_store._log_activity:54 - ActivityStarted: remove_all
2021-10-13 18:02:37.664 - INFO - 28314 - azureml.automl.runtime.shared.cache_store._log_activity:92 - ActivityCompleted: Activity=remove_all, HowEnded=Success, Duration=515.33[ms]
2021-10-13 18:02:37.742 - INFO - 28314 - azureml.automl.core.systemusage_telemetry.stop:49 - Stopping usage telemetry collection
2021-10-13 18:02:37.743 - INFO - 28314 - azureml.train.automl.runtime._experiment_drivers.local_experiment_driver.start:282 - Parent Run AutoML_da31af36-f0af-4319-aa5b-99a66fdc7172 Complete.
2021-10-14 07:21:17.245 - INFO - 28314 - azureml.train.automl.run._log_activity:54 - ActivityStarted: GetOutput
2021-10-14 07:21:17.268 - INFO - 28314 - azureml.train.automl.run._log_activity:54 - ActivityStarted: GetOutput
2021-10-14 07:21:17.279 - INFO - 28314 - azureml.train.automl.run._log_activity:54 - ActivityStarted: GetChildren
2021-10-14 07:21:17.424 - INFO - 28314 - azureml.train.automl.run._log_activity:92 - ActivityCompleted: Activity=GetChildren, HowEnded=Success, Duration=144.71[ms]
2021-10-14 07:21:17.424 - INFO - 28314 - azureml.train.automl.run._log_activity:92 - ActivityCompleted: Activity=GetOutput, HowEnded=Success, Duration=156.01[ms]
2021-10-14 07:21:17.426 - INFO - 28314 - azureml.train.automl._model_download_utilities._log_activity:54 - ActivityStarted: DownloadModel
2021-10-14 07:21:18.450 - INFO - 28314 - azureml.automl.runtime.featurization.data_transformer.__init__:174 - Feature sweeping enabled: False
2021-10-14 07:21:18.450 - INFO - 28314 - azureml.automl.runtime.featurization.data_transformer.__init__:175 - Feature sweeping timeout: 86400
2021-10-14 07:21:18.529 - INFO - 28314 - azureml.train.automl._model_download_utilities._log_activity:92 - ActivityCompleted: Activity=DownloadModel, HowEnded=Success, Duration=1103.55[ms]
2021-10-14 07:21:18.529 - INFO - 28314 - azureml.train.automl.run._log_activity:92 - ActivityCompleted: Activity=GetOutput, HowEnded=Success, Duration=1284.68[ms]
2021-10-14 07:21:27.302 - INFO - 28314 - azureml.automl.runtime.featurization.data_transformer._apply_transforms:491 - Starting to apply transforms. Total ram: 14706556928 bytes
2021-10-14 07:21:27.304 - INFO - 28314 - azureml.automl.runtime.featurization.data_transformer._apply_transforms:502 - Transform memory estimate: 0 bytes, Current available memory: 5203165184 bytes
2021-10-14 07:21:27.312 - INFO - 28314 - azureml.automl.runtime.featurization.data_transformer._apply_transforms:512 - CatImputer,StringCastTransformer,DateTimeFeaturesTransformer: Applying transform.
2021-10-14 07:21:27.386 - INFO - 28314 - azureml.automl.runtime.featurization.data_transformer._apply_transforms:526 - CatImputer,StringCastTransformer,DateTimeFeaturesTransformer: Finished applying transform. Shape (4645, 10)
2021-10-14 07:21:27.387 - INFO - 28314 - azureml.automl.runtime.featurization.data_transformer._apply_transforms:502 - Transform memory estimate: 0 bytes, Current available memory: 5202530304 bytes
2021-10-14 07:21:27.387 - INFO - 28314 - azureml.automl.runtime.featurization.data_transformer._apply_transforms:512 - CatImputer,StringCastTransformer,DateTimeFeaturesTransformer: Applying transform.
2021-10-14 07:21:27.432 - INFO - 28314 - azureml.automl.runtime.featurization.data_transformer._apply_transforms:526 - CatImputer,StringCastTransformer,DateTimeFeaturesTransformer: Finished applying transform. Shape (4645, 10)
2021-10-14 07:21:27.433 - INFO - 28314 - azureml.automl.runtime.featurization.data_transformer._apply_transforms:502 - Transform memory estimate: 0 bytes, Current available memory: 5202403328 bytes
2021-10-14 07:21:27.433 - INFO - 28314 - azureml.automl.runtime.featurization.data_transformer._apply_transforms:512 - StringCastTransformer,CountVectorizer: Applying transform.
2021-10-14 07:21:27.453 - INFO - 28314 - azureml.automl.runtime.featurization.data_transformer._apply_transforms:526 - StringCastTransformer,CountVectorizer: Finished applying transform. Shape (4645, 7)
2021-10-14 07:21:27.454 - INFO - 28314 - azureml.automl.runtime.featurization.data_transformer._apply_transforms:502 - Transform memory estimate: 0 bytes, Current available memory: 5202403328 bytes
2021-10-14 07:21:27.454 - INFO - 28314 - azureml.automl.runtime.featurization.data_transformer._apply_transforms:512 - CatImputer,StringCastTransformer,LabelEncoderTransformer: Applying transform.
2021-10-14 07:21:27.465 - INFO - 28314 - azureml.automl.runtime.featurization.data_transformer._apply_transforms:526 - CatImputer,StringCastTransformer,LabelEncoderTransformer: Finished applying transform. Shape (4645, 1)
2021-10-14 07:21:27.466 - INFO - 28314 - azureml.automl.runtime.featurization.data_transformer._apply_transforms:502 - Transform memory estimate: 0 bytes, Current available memory: 5202403328 bytes
2021-10-14 07:21:27.466 - INFO - 28314 - azureml.automl.runtime.featurization.data_transformer._apply_transforms:512 - SimpleImputer: Applying transform.
2021-10-14 07:21:27.470 - INFO - 28314 - azureml.automl.runtime.featurization.data_transformer._apply_transforms:526 - SimpleImputer: Finished applying transform. Shape (4645, 1)
2021-10-14 07:21:27.470 - INFO - 28314 - azureml.automl.runtime.featurization.data_transformer._apply_transforms:535 - Finished applying transforms
2021-10-14 07:21:27.471 - INFO - 28314 - azureml.automl.runtime.shared.memory_utilities._is_low_memory:208 - Total ram: 14706556928 bytes, Current Available memory: 5202403328 bytes. Low memory threshold: 0.5
